[INFO  - 2021-08-14T16:27:45.801Z] GhostDriver - Main - running on port 36749
[INFO  - 2021-08-14T16:27:46.640Z] Session [8f151fd0-fd1c-11eb-bda7-dbcf9802ef57] - page.settings - {"XSSAuditingEnabled":false,"javascriptCanCloseWindows":true,"javascriptCanOpenWindows":true,"javascriptEnabled":true,"loadImages":true,"localToRemoteUrlAccessEnabled":false,"userAgent":"Mozilla/5.0 (Unknown; Linux x86_64) AppleWebKit/538.1 (KHTML, like Gecko) PhantomJS/2.1.1 Safari/538.1","webSecurityEnabled":true}
[INFO  - 2021-08-14T16:27:46.640Z] Session [8f151fd0-fd1c-11eb-bda7-dbcf9802ef57] - page.customHeaders:  - {}
[INFO  - 2021-08-14T16:27:46.641Z] Session [8f151fd0-fd1c-11eb-bda7-dbcf9802ef57] - Session.negotiatedCapabilities - {"browserName":"phantomjs","version":"2.1.1","driverName":"ghostdriver","driverVersion":"1.2.0","platform":"linux-unknown-64bit","javascriptEnabled":true,"takesScreenshot":true,"handlesAlerts":false,"databaseEnabled":false,"locationContextEnabled":false,"applicationCacheEnabled":false,"browserConnectionEnabled":false,"cssSelectorsEnabled":true,"webStorageEnabled":false,"rotatable":false,"acceptSslCerts":false,"nativeEvents":true,"proxy":{"proxyType":"direct"}}
[INFO  - 2021-08-14T16:27:46.641Z] SessionManagerReqHand - _postNewSessionCommand - New Session Created: 8f151fd0-fd1c-11eb-bda7-dbcf9802ef57
[ERROR - 2021-08-14T16:27:48.293Z] Session [8f151fd0-fd1c-11eb-bda7-dbcf9802ef57] - page.onError - msg: ReferenceError: Can't find variable: dataSource_transport_mapper

  phantomjs://platform/console++.js:263 in error
[ERROR - 2021-08-14T16:27:48.294Z] Session [8f151fd0-fd1c-11eb-bda7-dbcf9802ef57] - page.onError - stack:
  (anonymous function) (https://smarket365.com/customer/login:730)
  j (https://smarket365.com/resources/style/plugins/jquery/jQuery-2.1.4.min.js:2)
  fireWith (https://smarket365.com/resources/style/plugins/jquery/jQuery-2.1.4.min.js:2)
  ready (https://smarket365.com/resources/style/plugins/jquery/jQuery-2.1.4.min.js:2)
  I (https://smarket365.com/resources/style/plugins/jquery/jQuery-2.1.4.min.js:2)

  phantomjs://platform/console++.js:263 in error
[ERROR - 2021-08-14T16:27:48.866Z] Session [8f151fd0-fd1c-11eb-bda7-dbcf9802ef57] - page.onError - msg: ReferenceError: Can't find variable: goLogin

  phantomjs://platform/console++.js:263 in error
[ERROR - 2021-08-14T16:27:48.867Z] Session [8f151fd0-fd1c-11eb-bda7-dbcf9802ef57] - page.onError - stack:
  onclick (https://smarket365.com/customer/login:573)
  dispatchEvent (:0)
  U (:119)
  $ (:108)
  $ (:101)
  gh (:141)
  sh (:152)
  (anonymous function) (:152)
  (anonymous function) (:152)
  (anonymous function) (:153)

  phantomjs://platform/console++.js:263 in error
